<?xml version="1.0" encoding="UTF-8"?>
<testsuite xmlns:xsi="http://www.w3.org/2001/XMLSchema-instance" xsi:noNamespaceSchemaLocation="https://maven.apache.org/surefire/maven-surefire-plugin/xsd/surefire-test-report.xsd" name="textstatistics.TextStatisticsApplicationTest" time="29.607" tests="3" errors="0" skipped="0" failures="0">
  <properties>
[...]
</properties>
  <testcase name="typingChangesStatistics1" classname="textstatistics.TextStatisticsApplicationTest" time="6.782"/>
  <testcase name="typingChangesStatistics2" classname="textstatistics.TextStatisticsApplicationTest" time="12.682"/>
  <testcase name="typingChangesStatistics3" classname="textstatistics.TextStatisticsApplicationTest" time="10.076"/>
</testsuite>